==19752== Memcheck, a memory error detector
==19752== Copyright (C) 2002-2022, and GNU GPL'd, by Julian Seward et al.
==19752== Using Valgrind-3.19.0 and LibVEX; rerun with -h for copyright info
==19752== Command: /home/allamb00/ULE/DPS/practicas-DPS/ejercicio_evaluacion_c/ejemplo3
==19752== Parent PID: 12682
==19752== 
==19752== Conditional jump or move depends on uninitialised value(s)
==19752==    at 0x48D7EE0: __vfprintf_internal (vfprintf-internal.c:1516)
==19752==    by 0x48C43DA: printf (printf.c:33)
==19752==    by 0x109169: func (in /home/allamb00/ULE/DPS/practicas-DPS/ejercicio_evaluacion_c/ejemplo3)
==19752==    by 0x109184: main (in /home/allamb00/ULE/DPS/practicas-DPS/ejercicio_evaluacion_c/ejemplo3)
==19752== 
==19752== Use of uninitialised value of size 8
==19752==    at 0x48BE5BB: _itoa_word (_itoa.c:177)
==19752==    by 0x48D7AF3: __vfprintf_internal (vfprintf-internal.c:1516)
==19752==    by 0x48C43DA: printf (printf.c:33)
==19752==    by 0x109169: func (in /home/allamb00/ULE/DPS/practicas-DPS/ejercicio_evaluacion_c/ejemplo3)
==19752==    by 0x109184: main (in /home/allamb00/ULE/DPS/practicas-DPS/ejercicio_evaluacion_c/ejemplo3)
==19752== 
==19752== Conditional jump or move depends on uninitialised value(s)
==19752==    at 0x48BE5CC: _itoa_word (_itoa.c:177)
==19752==    by 0x48D7AF3: __vfprintf_internal (vfprintf-internal.c:1516)
==19752==    by 0x48C43DA: printf (printf.c:33)
==19752==    by 0x109169: func (in /home/allamb00/ULE/DPS/practicas-DPS/ejercicio_evaluacion_c/ejemplo3)
==19752==    by 0x109184: main (in /home/allamb00/ULE/DPS/practicas-DPS/ejercicio_evaluacion_c/ejemplo3)
==19752== 
==19752== Conditional jump or move depends on uninitialised value(s)
==19752==    at 0x48D8533: __vfprintf_internal (vfprintf-internal.c:1516)
==19752==    by 0x48C43DA: printf (printf.c:33)
==19752==    by 0x109169: func (in /home/allamb00/ULE/DPS/practicas-DPS/ejercicio_evaluacion_c/ejemplo3)
==19752==    by 0x109184: main (in /home/allamb00/ULE/DPS/practicas-DPS/ejercicio_evaluacion_c/ejemplo3)
==19752== 
==19752== Conditional jump or move depends on uninitialised value(s)
==19752==    at 0x48D7C4F: __vfprintf_internal (vfprintf-internal.c:1516)
==19752==    by 0x48C43DA: printf (printf.c:33)
==19752==    by 0x109169: func (in /home/allamb00/ULE/DPS/practicas-DPS/ejercicio_evaluacion_c/ejemplo3)
==19752==    by 0x109184: main (in /home/allamb00/ULE/DPS/practicas-DPS/ejercicio_evaluacion_c/ejemplo3)
==19752== 
==19752== 
==19752== HEAP SUMMARY:
==19752==     in use at exit: 0 bytes in 0 blocks
==19752==   total heap usage: 1 allocs, 1 frees, 1,024 bytes allocated
==19752== 
==19752== All heap blocks were freed -- no leaks are possible
==19752== 
==19752== Use --track-origins=yes to see where uninitialised values come from
==19752== For lists of detected and suppressed errors, rerun with: -s
==19752== ERROR SUMMARY: 7 errors from 5 contexts (suppressed: 0 from 0)
